[22:08:44] [main/INFO]: Loading Minecraft 1.21.3 with Fabric Loader 0.16.9
[22:08:44] [main/INFO]: Loading 4 mods:
	- fabricloader 0.16.9
	   \-- mixinextras 0.4.1
	- java 21
	- minecraft 1.21.3
[22:08:44] [main/INFO]: SpongePowered MIXIN Subsystem Version=0.8.7 Source=file:/workspaces/yupi-mxs/servidor_minecraft/libraries/net/fabricmc/sponge-mixin/0.15.4+mixin.0.8.7/sponge-mixin-0.15.4+mixin.0.8.7.jar Service=Knot/Fabric Env=SERVER
[22:08:49] [main/INFO]: Environment: Environment[sessionHost=https://sessionserver.mojang.com, servicesHost=https://api.minecraftservices.com, name=PROD]
[22:08:51] [main/INFO]: Loaded 1337 recipes
[22:08:51] [main/INFO]: Loaded 1448 advancements
[22:08:51] [Server thread/INFO]: Starting minecraft server version 1.21.3
[22:08:51] [Server thread/INFO]: Loading properties
[22:08:51] [Server thread/INFO]: Default game type: SURVIVAL
[22:08:51] [Server thread/INFO]: Generating keypair
[22:08:51] [Server thread/INFO]: Starting Minecraft server on *:25565
[22:08:51] [Server thread/INFO]: Using epoll channel type
[22:08:51] [Server thread/WARN]: **** SERVER IS RUNNING IN OFFLINE/INSECURE MODE!
[22:08:51] [Server thread/WARN]: The server will make no attempt to authenticate usernames. Beware.
[22:08:51] [Server thread/WARN]: While this makes the game possible to play without internet access, it also opens up the ability for hackers to connect with any username they choose.
[22:08:51] [Server thread/WARN]: To change this, set "online-mode" to "true" in the server.properties file.
[22:08:51] [Server thread/INFO]: Preparing level "world"
[22:08:51] [Server thread/INFO]: Preparing start region for dimension minecraft:overworld
[22:08:54] [Worker-Main-1/INFO]: Preparing spawn area: 0%
[22:08:54] [Worker-Main-1/INFO]: Preparing spawn area: 0%
[22:08:54] [Worker-Main-1/INFO]: Preparing spawn area: 0%
[22:08:54] [Worker-Main-1/INFO]: Preparing spawn area: 0%
[22:08:54] [Worker-Main-1/INFO]: Preparing spawn area: 0%
[22:08:54] [Worker-Main-1/INFO]: Preparing spawn area: 0%
[22:08:54] [Server thread/INFO]: Time elapsed: 2735 ms
[22:08:54] [Server thread/INFO]: Done (2.983s)! For help, type "help"
[22:08:58] [Server thread/INFO]: Stopping the server
[22:08:58] [Server thread/INFO]: Stopping server
[22:08:58] [Server thread/INFO]: Saving players
[22:08:58] [Server thread/INFO]: Saving worlds
[22:08:58] [Server thread/INFO]: Saving chunks for level 'ServerLevel[world]'/minecraft:overworld
[22:08:58] [Server thread/INFO]: Saving chunks for level 'ServerLevel[world]'/minecraft:the_end
[22:08:58] [Server thread/INFO]: Saving chunks for level 'ServerLevel[world]'/minecraft:the_nether
[22:08:58] [Server thread/INFO]: ThreadedAnvilChunkStorage (world): All chunks are saved
[22:08:58] [Server thread/INFO]: ThreadedAnvilChunkStorage (DIM1): All chunks are saved
[22:08:58] [Server thread/INFO]: ThreadedAnvilChunkStorage (DIM-1): All chunks are saved
[22:08:58] [Server thread/INFO]: ThreadedAnvilChunkStorage: All dimensions are saved
